<?xml version="1.0" encoding="UTF-8"?>
<testsuites>
  <testsuite name="Tests\Database\WaveTwoConcurrencyTest" file="C:\xampp\htdocs\mepa-crm\apps\api\tests\Database\WaveTwoConcurrencyTest.php" tests="4" assertions="59" errors="0" warnings="0" failures="0" skipped="0" time="30.070537">
    <testcase name="test_two_concurrent_workers_distinct_memberships" class="Tests\Database\WaveTwoConcurrencyTest" classname="Tests.Database.WaveTwoConcurrencyTest" file="C:\xampp\htdocs\mepa-crm\apps\api\tests\Database\WaveTwoConcurrencyTest.php" line="140" assertions="6" time="0.936071"/>
    <testcase name="test_ten_concurrent_workers_distinct_memberships" class="Tests\Database\WaveTwoConcurrencyTest" classname="Tests.Database.WaveTwoConcurrencyTest" file="C:\xampp\htdocs\mepa-crm\apps\api\tests\Database\WaveTwoConcurrencyTest.php" line="148" assertions="14" time="4.132259"/>
    <testcase name="test_larger_batch_of_thirty_concurrent_workers" class="Tests\Database\WaveTwoConcurrencyTest" classname="Tests.Database.WaveTwoConcurrencyTest" file="C:\xampp\htdocs\mepa-crm\apps\api\tests\Database\WaveTwoConcurrencyTest.php" line="156" assertions="34" time="24.003270"/>
    <testcase name="test_two_concurrent_workers_same_membership_are_serialized_and_idempotent" class="Tests\Database\WaveTwoConcurrencyTest" classname="Tests.Database.WaveTwoConcurrencyTest" file="C:\xampp\htdocs\mepa-crm\apps\api\tests\Database\WaveTwoConcurrencyTest.php" line="164" assertions="5" time="0.998937"/>
  </testsuite>
</testsuites>
