<?xml version="1.0" encoding="UTF-8"?>
<testsuites>
  <testsuite name="Tests\Database\WaveTwoTransferMigrationSafetyTest" file="C:\xampp\htdocs\mepa-crm\apps\api\tests\Database\WaveTwoTransferMigrationSafetyTest.php" tests="3" assertions="53" errors="0" warnings="0" failures="0" skipped="0" time="1.569069">
    <testcase name="test_empty_database_guard_rollback_reapply" class="Tests\Database\WaveTwoTransferMigrationSafetyTest" classname="Tests.Database.WaveTwoTransferMigrationSafetyTest" file="C:\xampp\htdocs\mepa-crm\apps\api\tests\Database\WaveTwoTransferMigrationSafetyTest.php" line="169" assertions="18" time="0.465823"/>
    <testcase name="test_populated_history_survives_rollback_and_reapply_exactly" class="Tests\Database\WaveTwoTransferMigrationSafetyTest" classname="Tests.Database.WaveTwoTransferMigrationSafetyTest" file="C:\xampp\htdocs\mepa-crm\apps\api\tests\Database\WaveTwoTransferMigrationSafetyTest.php" line="180" assertions="25" time="0.717396"/>
    <testcase name="test_invalid_open_duplicates_abort_before_technical_ddl_without_data_changes" class="Tests\Database\WaveTwoTransferMigrationSafetyTest" classname="Tests.Database.WaveTwoTransferMigrationSafetyTest" file="C:\xampp\htdocs\mepa-crm\apps\api\tests\Database\WaveTwoTransferMigrationSafetyTest.php" line="220" assertions="10" time="0.385850"/>
  </testsuite>
</testsuites>
