<?xml version="1.0" encoding="UTF-8"?>
<testsuites>
  <testsuite name="Tests\Database\WaveTwoM1IndependentAuditTest" file="C:\xampp\htdocs\mepa-crm\apps\api\tests\Database\WaveTwoM1IndependentAuditTest.php" tests="10" assertions="110" errors="0" warnings="0" failures="0" skipped="0" time="37.518609">
    <testcase name="test_two_workers_independent" class="Tests\Database\WaveTwoM1IndependentAuditTest" classname="Tests.Database.WaveTwoM1IndependentAuditTest" file="C:\xampp\htdocs\mepa-crm\apps\api\tests\Database\WaveTwoM1IndependentAuditTest.php" line="175" assertions="4" time="2.015813"/>
    <testcase name="test_ten_workers_independent" class="Tests\Database\WaveTwoM1IndependentAuditTest" classname="Tests.Database.WaveTwoM1IndependentAuditTest" file="C:\xampp\htdocs\mepa-crm\apps\api\tests\Database\WaveTwoM1IndependentAuditTest.php" line="176" assertions="12" time="2.472291"/>
    <testcase name="test_twenty_workers_independent" class="Tests\Database\WaveTwoM1IndependentAuditTest" classname="Tests.Database.WaveTwoM1IndependentAuditTest" file="C:\xampp\htdocs\mepa-crm\apps\api\tests\Database\WaveTwoM1IndependentAuditTest.php" line="177" assertions="22" time="5.255823"/>
    <testcase name="test_thirty_workers_independent" class="Tests\Database\WaveTwoM1IndependentAuditTest" classname="Tests.Database.WaveTwoM1IndependentAuditTest" file="C:\xampp\htdocs\mepa-crm\apps\api\tests\Database\WaveTwoM1IndependentAuditTest.php" line="178" assertions="32" time="14.765755"/>
    <testcase name="test_raw_sql_race_bypassing_transfer_service" class="Tests\Database\WaveTwoM1IndependentAuditTest" classname="Tests.Database.WaveTwoM1IndependentAuditTest" file="C:\xampp\htdocs\mepa-crm\apps\api\tests\Database\WaveTwoM1IndependentAuditTest.php" line="195" assertions="12" time="3.350393"/>
    <testcase name="test_worker_killed_after_lock_independent" class="Tests\Database\WaveTwoM1IndependentAuditTest" classname="Tests.Database.WaveTwoM1IndependentAuditTest" file="C:\xampp\htdocs\mepa-crm\apps\api\tests\Database\WaveTwoM1IndependentAuditTest.php" line="213" assertions="2" time="0.960654"/>
    <testcase name="test_rollback_forced_after_lock_independent" class="Tests\Database\WaveTwoM1IndependentAuditTest" classname="Tests.Database.WaveTwoM1IndependentAuditTest" file="C:\xampp\htdocs\mepa-crm\apps\api\tests\Database\WaveTwoM1IndependentAuditTest.php" line="238" assertions="4" time="1.611638"/>
    <testcase name="test_lock_is_membership_granular_not_global" class="Tests\Database\WaveTwoM1IndependentAuditTest" classname="Tests.Database.WaveTwoM1IndependentAuditTest" file="C:\xampp\htdocs\mepa-crm\apps\api\tests\Database\WaveTwoM1IndependentAuditTest.php" line="264" assertions="17" time="6.588928"/>
    <testcase name="test_origin_equals_destination_still_rejected_and_not_masked" class="Tests\Database\WaveTwoM1IndependentAuditTest" classname="Tests.Database.WaveTwoM1IndependentAuditTest" file="C:\xampp\htdocs\mepa-crm\apps\api\tests\Database\WaveTwoM1IndependentAuditTest.php" line="285" assertions="2" time="0.237199"/>
    <testcase name="test_idempotency_mechanism_is_precisely_lock_plus_unique_not_a_key" class="Tests\Database\WaveTwoM1IndependentAuditTest" classname="Tests.Database.WaveTwoM1IndependentAuditTest" file="C:\xampp\htdocs\mepa-crm\apps\api\tests\Database\WaveTwoM1IndependentAuditTest.php" line="306" assertions="3" time="0.260117"/>
  </testsuite>
</testsuites>
