<?xml version="1.0" encoding="UTF-8"?>
<testsuites>
  <testsuite name="Tests\Database\WaveFourDiscipleshipScopeTest" file="C:\xampp\htdocs\mepa-crm\apps\api\tests\Database\WaveFourDiscipleshipScopeTest.php" tests="2" assertions="6" errors="0" warnings="0" failures="0" skipped="0" time="3.438067">
    <testcase name="test_actor_scoped_to_a_different_unit_cannot_progress_an_enrollment_it_does_not_own" class="Tests\Database\WaveFourDiscipleshipScopeTest" classname="Tests.Database.WaveFourDiscipleshipScopeTest" file="C:\xampp\htdocs\mepa-crm\apps\api\tests\Database\WaveFourDiscipleshipScopeTest.php" line="20" assertions="4" time="2.443352"/>
    <testcase name="test_actor_scoped_to_the_owning_unit_can_progress_the_enrollment" class="Tests\Database\WaveFourDiscipleshipScopeTest" classname="Tests.Database.WaveFourDiscipleshipScopeTest" file="C:\xampp\htdocs\mepa-crm\apps\api\tests\Database\WaveFourDiscipleshipScopeTest.php" line="41" assertions="2" time="0.994715"/>
  </testsuite>
</testsuites>
