<?xml version="1.0" encoding="UTF-8"?>
<testsuites>
  <testsuite name="Tests\Database\WaveTwoTransferConcurrencyTest" file="C:\xampp\htdocs\mepa-crm\apps\api\tests\Database\WaveTwoTransferConcurrencyTest.php" tests="10" assertions="68" errors="0" warnings="0" failures="0" skipped="0" time="18.929366">
    <testcase name="test_two_workers_same_membership_different_destinations" class="Tests\Database\WaveTwoTransferConcurrencyTest" classname="Tests.Database.WaveTwoTransferConcurrencyTest" file="C:\xampp\htdocs\mepa-crm\apps\api\tests\Database\WaveTwoTransferConcurrencyTest.php" line="166" assertions="4" time="0.800222"/>
    <testcase name="test_ten_workers_same_membership_concurrent" class="Tests\Database\WaveTwoTransferConcurrencyTest" classname="Tests.Database.WaveTwoTransferConcurrencyTest" file="C:\xampp\htdocs\mepa-crm\apps\api\tests\Database\WaveTwoTransferConcurrencyTest.php" line="188" assertions="12" time="1.804840"/>
    <testcase name="test_repeated_request_is_safe_to_retry" class="Tests\Database\WaveTwoTransferConcurrencyTest" classname="Tests.Database.WaveTwoTransferConcurrencyTest" file="C:\xampp\htdocs\mepa-crm\apps\api\tests\Database\WaveTwoTransferConcurrencyTest.php" line="206" assertions="3" time="0.264499"/>
    <testcase name="test_new_request_allowed_after_previous_transfer_completed" class="Tests\Database\WaveTwoTransferConcurrencyTest" classname="Tests.Database.WaveTwoTransferConcurrencyTest" file="C:\xampp\htdocs\mepa-crm\apps\api\tests\Database\WaveTwoTransferConcurrencyTest.php" line="227" assertions="5" time="0.378053"/>
    <testcase name="test_new_request_allowed_after_previous_transfer_cancelled" class="Tests\Database\WaveTwoTransferConcurrencyTest" classname="Tests.Database.WaveTwoTransferConcurrencyTest" file="C:\xampp\htdocs\mepa-crm\apps\api\tests\Database\WaveTwoTransferConcurrencyTest.php" line="249" assertions="4" time="0.436979"/>
    <testcase name="test_rollback_during_creation_leaves_membership_open" class="Tests\Database\WaveTwoTransferConcurrencyTest" classname="Tests.Database.WaveTwoTransferConcurrencyTest" file="C:\xampp\htdocs\mepa-crm\apps\api\tests\Database\WaveTwoTransferConcurrencyTest.php" line="270" assertions="2" time="0.495942"/>
    <testcase name="test_worker_killed_after_lock_leaves_no_orphaned_transfer" class="Tests\Database\WaveTwoTransferConcurrencyTest" classname="Tests.Database.WaveTwoTransferConcurrencyTest" file="C:\xampp\htdocs\mepa-crm\apps\api\tests\Database\WaveTwoTransferConcurrencyTest.php" line="289" assertions="2" time="0.675308"/>
    <testcase name="test_no_deadlock_under_heavy_contention" class="Tests\Database\WaveTwoTransferConcurrencyTest" classname="Tests.Database.WaveTwoTransferConcurrencyTest" file="C:\xampp\htdocs\mepa-crm\apps\api\tests\Database\WaveTwoTransferConcurrencyTest.php" line="315" assertions="22" time="5.506574"/>
    <testcase name="test_invalid_origin_destination_rejected" class="Tests\Database\WaveTwoTransferConcurrencyTest" classname="Tests.Database.WaveTwoTransferConcurrencyTest" file="C:\xampp\htdocs\mepa-crm\apps\api\tests\Database\WaveTwoTransferConcurrencyTest.php" line="336" assertions="2" time="0.301087"/>
    <testcase name="test_different_memberships_do_not_block_each_other" class="Tests\Database\WaveTwoTransferConcurrencyTest" classname="Tests.Database.WaveTwoTransferConcurrencyTest" file="C:\xampp\htdocs\mepa-crm\apps\api\tests\Database\WaveTwoTransferConcurrencyTest.php" line="353" assertions="12" time="8.265861"/>
  </testsuite>
</testsuites>
