<?xml version="1.0" encoding="UTF-8"?>
<testsuites>
  <testsuite name="Tests\Database\WaveTwoIndependentReconciliationTest" file="C:\xampp\htdocs\mepa-crm\apps\api\tests\Database\WaveTwoIndependentReconciliationTest.php" tests="11" assertions="44" errors="0" warnings="0" failures="0" skipped="0" time="20.437276">
    <testcase name="test_fifty_worker_stress_batch" class="Tests\Database\WaveTwoIndependentReconciliationTest" classname="Tests.Database.WaveTwoIndependentReconciliationTest" file="C:\xampp\htdocs\mepa-crm\apps\api\tests\Database\WaveTwoIndependentReconciliationTest.php" line="175" assertions="4" time="14.930270"/>
    <testcase name="test_connection_killed_mid_transaction_leaves_no_gap" class="Tests\Database\WaveTwoIndependentReconciliationTest" classname="Tests.Database.WaveTwoIndependentReconciliationTest" file="C:\xampp\htdocs\mepa-crm\apps\api\tests\Database\WaveTwoIndependentReconciliationTest.php" line="193" assertions="3" time="0.248173"/>
    <testcase name="test_ten_workers_racing_same_membership_never_partially_consumes" class="Tests\Database\WaveTwoIndependentReconciliationTest" classname="Tests.Database.WaveTwoIndependentReconciliationTest" file="C:\xampp\htdocs\mepa-crm\apps\api\tests\Database\WaveTwoIndependentReconciliationTest.php" line="233" assertions="13" time="2.310007"/>
    <testcase name="test_december_to_january_boundary_exact_values" class="Tests\Database\WaveTwoIndependentReconciliationTest" classname="Tests.Database.WaveTwoIndependentReconciliationTest" file="C:\xampp\htdocs\mepa-crm\apps\api\tests\Database\WaveTwoIndependentReconciliationTest.php" line="252" assertions="2" time="0.860954"/>
    <testcase name="test_second_membership_for_same_person_is_physically_rejected" class="Tests\Database\WaveTwoIndependentReconciliationTest" classname="Tests.Database.WaveTwoIndependentReconciliationTest" file="C:\xampp\htdocs\mepa-crm\apps\api\tests\Database\WaveTwoIndependentReconciliationTest.php" line="265" assertions="1" time="0.289665"/>
    <testcase name="test_transfer_rejects_same_origin_and_destination" class="Tests\Database\WaveTwoIndependentReconciliationTest" classname="Tests.Database.WaveTwoIndependentReconciliationTest" file="C:\xampp\htdocs\mepa-crm\apps\api\tests\Database\WaveTwoIndependentReconciliationTest.php" line="277" assertions="1" time="0.215490"/>
    <testcase name="test_repeated_transfer_chain_preserves_identity_and_full_history" class="Tests\Database\WaveTwoIndependentReconciliationTest" classname="Tests.Database.WaveTwoIndependentReconciliationTest" file="C:\xampp\htdocs\mepa-crm\apps\api\tests\Database\WaveTwoIndependentReconciliationTest.php" line="288" assertions="4" time="0.482075"/>
    <testcase name="test_two_concurrent_transfers_for_the_same_membership_are_not_physically_guarded" class="Tests\Database\WaveTwoIndependentReconciliationTest" classname="Tests.Database.WaveTwoIndependentReconciliationTest" file="C:\xampp\htdocs\mepa-crm\apps\api\tests\Database\WaveTwoIndependentReconciliationTest.php" line="320" assertions="1" time="0.258852"/>
    <testcase name="test_department_definition_reused_across_all_four_territorial_levels" class="Tests\Database\WaveTwoIndependentReconciliationTest" classname="Tests.Database.WaveTwoIndependentReconciliationTest" file="C:\xampp\htdocs\mepa-crm\apps\api\tests\Database\WaveTwoIndependentReconciliationTest.php" line="346" assertions="3" time="0.274093"/>
    <testcase name="test_person_user_and_membership_are_structurally_independent" class="Tests\Database\WaveTwoIndependentReconciliationTest" classname="Tests.Database.WaveTwoIndependentReconciliationTest" file="C:\xampp\htdocs\mepa-crm\apps\api\tests\Database\WaveTwoIndependentReconciliationTest.php" line="372" assertions="8" time="0.167481"/>
    <testcase name="test_institutional_queries_director_de_estatisticas" class="Tests\Database\WaveTwoIndependentReconciliationTest" classname="Tests.Database.WaveTwoIndependentReconciliationTest" file="C:\xampp\htdocs\mepa-crm\apps\api\tests\Database\WaveTwoIndependentReconciliationTest.php" line="419" assertions="4" time="0.400216"/>
  </testsuite>
</testsuites>
