<?xml version="1.0" encoding="UTF-8"?>
<testsuites>
  <testsuite name="Tests\Database\WaveFourChildrenSafetyTest" file="C:\xampp\htdocs\mepa-crm\apps\api\tests\Database\WaveFourChildrenSafetyTest.php" tests="11" assertions="47" errors="0" warnings="0" failures="0" skipped="0" time="57.179387">
    <testcase name="test_child_and_nonmember_guardians_share_person_family_and_emergency" class="Tests\Database\WaveFourChildrenSafetyTest" classname="Tests.Database.WaveFourChildrenSafetyTest" file="C:\xampp\htdocs\mepa-crm\apps\api\tests\Database\WaveFourChildrenSafetyTest.php" line="10" assertions="6" time="5.386150"/>
    <testcase name="test_member_and_pass_without_pickup_authorization_are_denied" class="Tests\Database\WaveFourChildrenSafetyTest" classname="Tests.Database.WaveFourChildrenSafetyTest" file="C:\xampp\htdocs\mepa-crm\apps\api\tests\Database\WaveFourChildrenSafetyTest.php" line="26" assertions="3" time="4.187140"/>
    <testcase name="test_wrong_child_wrong_purpose_and_missing_identity_are_denied" class="Tests\Database\WaveFourChildrenSafetyTest" classname="Tests.Database.WaveFourChildrenSafetyTest" file="C:\xampp\htdocs\mepa-crm\apps\api\tests\Database\WaveFourChildrenSafetyTest.php" line="37" assertions="4" time="5.690048"/>
    <testcase name="test_revoked_expired_and_future_authorizations_preserve_history" class="Tests\Database\WaveFourChildrenSafetyTest" classname="Tests.Database.WaveFourChildrenSafetyTest" file="C:\xampp\htdocs\mepa-crm\apps\api\tests\Database\WaveFourChildrenSafetyTest.php" line="46" assertions="5" time="4.089162"/>
    <testcase name="test_consent_is_versioned_and_revoked_without_deletion" class="Tests\Database\WaveFourChildrenSafetyTest" classname="Tests.Database.WaveFourChildrenSafetyTest" file="C:\xampp\htdocs\mepa-crm\apps\api\tests\Database\WaveFourChildrenSafetyTest.php" line="60" assertions="5" time="4.848678"/>
    <testcase name="test_checkout_is_single_append_audited_transition_and_replay_preserves_recipient" class="Tests\Database\WaveFourChildrenSafetyTest" classname="Tests.Database.WaveFourChildrenSafetyTest" file="C:\xampp\htdocs\mepa-crm\apps\api\tests\Database\WaveFourChildrenSafetyTest.php" line="72" assertions="11" time="7.928208"/>
    <testcase name="test_horizontal_scope_cannot_read_or_checkout_another_congregation" class="Tests\Database\WaveFourChildrenSafetyTest" classname="Tests.Database.WaveFourChildrenSafetyTest" file="C:\xampp\htdocs\mepa-crm\apps\api\tests\Database\WaveFourChildrenSafetyTest.php" line="89" assertions="3" time="7.708938"/>
    <testcase name="test_family_and_emergency_context_cannot_reference_unrelated_people" class="Tests\Database\WaveFourChildrenSafetyTest" classname="Tests.Database.WaveFourChildrenSafetyTest" file="C:\xampp\htdocs\mepa-crm\apps\api\tests\Database\WaveFourChildrenSafetyTest.php" line="97" assertions="2" time="5.049794"/>
    <testcase name="test_unconfigured_vocabularies_fail_closed" class="Tests\Database\WaveFourChildrenSafetyTest" classname="Tests.Database.WaveFourChildrenSafetyTest" file="C:\xampp\htdocs\mepa-crm\apps\api\tests\Database\WaveFourChildrenSafetyTest.php" line="104" assertions="2" time="3.081216"/>
    <testcase name="test_age_changes_create_recommendation_without_rewriting_department_or_attendance" class="Tests\Database\WaveFourChildrenSafetyTest" classname="Tests.Database.WaveFourChildrenSafetyTest" file="C:\xampp\htdocs\mepa-crm\apps\api\tests\Database\WaveFourChildrenSafetyTest.php" line="110" assertions="4" time="3.139233"/>
    <testcase name="test_revoked_actor_and_role_scope_cannot_be_combined_across_units" class="Tests\Database\WaveFourChildrenSafetyTest" classname="Tests.Database.WaveFourChildrenSafetyTest" file="C:\xampp\htdocs\mepa-crm\apps\api\tests\Database\WaveFourChildrenSafetyTest.php" line="129" assertions="2" time="6.070821"/>
  </testsuite>
</testsuites>
