<?xml version="1.0" encoding="UTF-8"?>
<testsuites>
  <testsuite name="Tests\Database\WaveFourChildCheckinBoundaryTest" file="C:\xampp\htdocs\mepa-crm\apps\api\tests\Database\WaveFourChildCheckinBoundaryTest.php" tests="11" assertions="320" errors="0" warnings="0" failures="0" skipped="0" time="56.176900">
    <testcase name="test_children_permission_and_valid_consent_admits_child" class="Tests\Database\WaveFourChildCheckinBoundaryTest" classname="Tests.Database.WaveFourChildCheckinBoundaryTest" file="C:\xampp\htdocs\mepa-crm\apps\api\tests\Database\WaveFourChildCheckinBoundaryTest.php" line="52" assertions="3" time="3.351342"/>
    <testcase name="test_missing_children_permission_denies_even_with_valid_consent" class="Tests\Database\WaveFourChildCheckinBoundaryTest" classname="Tests.Database.WaveFourChildCheckinBoundaryTest" file="C:\xampp\htdocs\mepa-crm\apps\api\tests\Database\WaveFourChildCheckinBoundaryTest.php" line="61" assertions="4" time="1.840722"/>
    <testcase name="test_revoked_consent_denies_even_with_children_permission" class="Tests\Database\WaveFourChildCheckinBoundaryTest" classname="Tests.Database.WaveFourChildCheckinBoundaryTest" file="C:\xampp\htdocs\mepa-crm\apps\api\tests\Database\WaveFourChildCheckinBoundaryTest.php" line="69" assertions="4" time="1.569729"/>
    <testcase name="test_missing_children_permission_and_revoked_consent_denies" class="Tests\Database\WaveFourChildCheckinBoundaryTest" classname="Tests.Database.WaveFourChildCheckinBoundaryTest" file="C:\xampp\htdocs\mepa-crm\apps\api\tests\Database\WaveFourChildCheckinBoundaryTest.php" line="77" assertions="4" time="1.688024"/>
    <testcase name="test_generic_flow_continues_for_non_child_participant" class="Tests\Database\WaveFourChildCheckinBoundaryTest" classname="Tests.Database.WaveFourChildCheckinBoundaryTest" file="C:\xampp\htdocs\mepa-crm\apps\api\tests\Database\WaveFourChildCheckinBoundaryTest.php" line="86" assertions="1" time="0.649488"/>
    <testcase name="test_generic_service_direct_call_refuses_protected_participant_regardless_of_permission" class="Tests\Database\WaveFourChildCheckinBoundaryTest" classname="Tests.Database.WaveFourChildCheckinBoundaryTest" file="C:\xampp\htdocs\mepa-crm\apps\api\tests\Database\WaveFourChildCheckinBoundaryTest.php" line="96" assertions="4" time="1.185906"/>
    <testcase name="test_generic_service_direct_call_reproduces_original_bypass_scenario_and_is_now_denied" class="Tests\Database\WaveFourChildCheckinBoundaryTest" classname="Tests.Database.WaveFourChildCheckinBoundaryTest" file="C:\xampp\htdocs\mepa-crm\apps\api\tests\Database\WaveFourChildCheckinBoundaryTest.php" line="109" assertions="4" time="3.447222"/>
    <testsuite name="Tests\Database\WaveFourChildCheckinBoundaryTest::test_concurrent_child_checkins_for_same_session_yield_one_logical_admission" tests="4" assertions="296" errors="0" warnings="0" failures="0" skipped="0" time="42.444467">
      <testcase name="test_concurrent_child_checkins_for_same_session_yield_one_logical_admission with data set #0" class="Tests\Database\WaveFourChildCheckinBoundaryTest" classname="Tests.Database.WaveFourChildCheckinBoundaryTest" file="C:\xampp\htdocs\mepa-crm\apps\api\tests\Database\WaveFourChildCheckinBoundaryTest.php" line="123" assertions="11" time="4.829064"/>
      <testcase name="test_concurrent_child_checkins_for_same_session_yield_one_logical_admission with data set #1" class="Tests\Database\WaveFourChildCheckinBoundaryTest" classname="Tests.Database.WaveFourChildCheckinBoundaryTest" file="C:\xampp\htdocs\mepa-crm\apps\api\tests\Database\WaveFourChildCheckinBoundaryTest.php" line="123" assertions="35" time="6.691673"/>
      <testcase name="test_concurrent_child_checkins_for_same_session_yield_one_logical_admission with data set #2" class="Tests\Database\WaveFourChildCheckinBoundaryTest" classname="Tests.Database.WaveFourChildCheckinBoundaryTest" file="C:\xampp\htdocs\mepa-crm\apps\api\tests\Database\WaveFourChildCheckinBoundaryTest.php" line="123" assertions="95" time="13.001009"/>
      <testcase name="test_concurrent_child_checkins_for_same_session_yield_one_logical_admission with data set #3" class="Tests\Database\WaveFourChildCheckinBoundaryTest" classname="Tests.Database.WaveFourChildCheckinBoundaryTest" file="C:\xampp\htdocs\mepa-crm\apps\api\tests\Database\WaveFourChildCheckinBoundaryTest.php" line="123" assertions="155" time="17.922722"/>
    </testsuite>
  </testsuite>
</testsuites>
