<?xml version="1.0" encoding="UTF-8"?>
<testsuites>
  <testsuite name="Tests\Database\WaveTwoPhysicalTest" file="C:\xampp\htdocs\mepa-crm\apps\api\tests\Database\WaveTwoPhysicalTest.php" tests="12" assertions="232" errors="0" warnings="0" failures="0" skipped="0" time="58.345634">
    <testcase name="test_migrate_rollback_and_remigrate" class="Tests\Database\WaveTwoPhysicalTest" classname="Tests.Database.WaveTwoPhysicalTest" file="C:\xampp\htdocs\mepa-crm\apps\api\tests\Database\WaveTwoPhysicalTest.php" line="97" assertions="169" time="47.999980"/>
    <testcase name="test_person_exists_independently_of_membership" class="Tests\Database\WaveTwoPhysicalTest" classname="Tests.Database.WaveTwoPhysicalTest" file="C:\xampp\htdocs\mepa-crm\apps\api\tests\Database\WaveTwoPhysicalTest.php" line="228" assertions="4" time="0.046385"/>
    <testcase name="test_legacy_member_number_coexists_without_becoming_identifier" class="Tests\Database\WaveTwoPhysicalTest" classname="Tests.Database.WaveTwoPhysicalTest" file="C:\xampp\htdocs\mepa-crm\apps\api\tests\Database\WaveTwoPhysicalTest.php" line="242" assertions="4" time="0.084533"/>
    <testcase name="test_transfer_preserves_person_and_member_number_with_history" class="Tests\Database\WaveTwoPhysicalTest" classname="Tests.Database.WaveTwoPhysicalTest" file="C:\xampp\htdocs\mepa-crm\apps\api\tests\Database\WaveTwoPhysicalTest.php" line="265" assertions="7" time="0.142259"/>
    <testcase name="test_ministerial_history_preserved_across_class_change" class="Tests\Database\WaveTwoPhysicalTest" classname="Tests.Database.WaveTwoPhysicalTest" file="C:\xampp\htdocs\mepa-crm\apps\api\tests\Database\WaveTwoPhysicalTest.php" line="304" assertions="5" time="0.053818"/>
    <testcase name="test_department_definition_reused_across_territorial_levels_without_duplication" class="Tests\Database\WaveTwoPhysicalTest" classname="Tests.Database.WaveTwoPhysicalTest" file="C:\xampp\htdocs\mepa-crm\apps\api\tests\Database\WaveTwoPhysicalTest.php" line="329" assertions="5" time="0.082404"/>
    <testcase name="test_vacant_post_representable_and_appointment_fills_then_reverts" class="Tests\Database\WaveTwoPhysicalTest" classname="Tests.Database.WaveTwoPhysicalTest" file="C:\xampp\htdocs\mepa-crm\apps\api\tests\Database\WaveTwoPhysicalTest.php" line="354" assertions="6" time="0.091991"/>
    <testcase name="test_named_queries_for_department_directors" class="Tests\Database\WaveTwoPhysicalTest" classname="Tests.Database.WaveTwoPhysicalTest" file="C:\xampp\htdocs\mepa-crm\apps\api\tests\Database\WaveTwoPhysicalTest.php" line="380" assertions="5" time="0.113252"/>
    <testcase name="test_member_number_unique_constraints_are_physical_not_only_application" class="Tests\Database\WaveTwoPhysicalTest" classname="Tests.Database.WaveTwoPhysicalTest" file="C:\xampp\htdocs\mepa-crm\apps\api\tests\Database\WaveTwoPhysicalTest.php" line="433" assertions="3" time="0.050238"/>
    <testcase name="test_member_number_generator_replay_rollback_and_boundaries" class="Tests\Database\WaveTwoPhysicalTest" classname="Tests.Database.WaveTwoPhysicalTest" file="C:\xampp\htdocs\mepa-crm\apps\api\tests\Database\WaveTwoPhysicalTest.php" line="450" assertions="13" time="0.277808"/>
    <testcase name="test_information_schema_matches_union_catalog" class="Tests\Database\WaveTwoPhysicalTest" classname="Tests.Database.WaveTwoPhysicalTest" file="C:\xampp\htdocs\mepa-crm\apps\api\tests\Database\WaveTwoPhysicalTest.php" line="501" assertions="7" time="4.468313"/>
    <testcase name="test_validator_flags_w1_f01_regression_if_the_fk_is_ever_removed" class="Tests\Database\WaveTwoPhysicalTest" classname="Tests.Database.WaveTwoPhysicalTest" file="C:\xampp\htdocs\mepa-crm\apps\api\tests\Database\WaveTwoPhysicalTest.php" line="519" assertions="4" time="4.934651"/>
  </testsuite>
</testsuites>
